<?xml version="1.0" encoding="UTF-8"?>
<!-- Generated by org.testng.reporters.JUnitReportReporter -->
<testsuite hostname="adminstrator" name="prac.browser.BrowserMail" tests="4" failures="0" timestamp="6 Mar 2014 03:47:21 GMT" time="7.233" errors="0">
  <testcase name="outBox" time="0.686" classname="prac.browser.BrowserMail"/>
  <testcase name="logOn" time="3.982" classname="prac.browser.BrowserMail"/>
  <testcase name="inBox" time="0.288" classname="prac.browser.BrowserMail"/>
  <testcase name="writeLetter" time="2.277" classname="prac.browser.BrowserMail"/>
</testsuite> <!-- prac.browser.BrowserMail -->
